2025-10-05 22:20:15.380 [AWT-EventQueue-0] ERROR components.dialogs.ImapLoginDialog - java.lang.StringIndexOutOfBoundsException: Range [5745, 6145) out of bounds for length 6011
java.util.concurrent.ExecutionException: java.lang.StringIndexOutOfBoundsException: Range [5745, 6145) out of bounds for length 6011
	at java.base/java.util.concurrent.FutureTask.report(Unknown Source)
	at java.base/java.util.concurrent.FutureTask.get(Unknown Source)
	at java.desktop/javax.swing.SwingWorker.get(Unknown Source)
	at components.dialogs.ImapLoginDialog$1.done(ImapLoginDialog.java:160)
	at java.desktop/javax.swing.SwingWorker$4.run(Unknown Source)
	at java.desktop/javax.swing.SwingWorker$DoSubmitAccumulativeRunnable.run(Unknown Source)
	at java.desktop/sun.swing.AccumulativeRunnable.run(Unknown Source)
	at java.desktop/javax.swing.SwingWorker$DoSubmitAccumulativeRunnable.actionPerformed(Unknown Source)
	at java.desktop/javax.swing.Timer.fireActionPerformed(Unknown Source)
	at java.desktop/javax.swing.Timer$DoPostEvent.run(Unknown Source)
	at java.desktop/java.awt.event.InvocationEvent.dispatch(Unknown Source)
	at java.desktop/java.awt.EventQueue.dispatchEventImpl(Unknown Source)
	at java.desktop/java.awt.EventQueue$4.run(Unknown Source)
	at java.desktop/java.awt.EventQueue$4.run(Unknown Source)
	at java.base/java.security.AccessController.doPrivileged(Unknown Source)
	at java.base/java.security.ProtectionDomain$JavaSecurityAccessImpl.doIntersectionPrivilege(Unknown Source)
	at java.desktop/java.awt.EventQueue.dispatchEvent(Unknown Source)
	at java.desktop/java.awt.EventDispatchThread.pumpOneEventForFilters(Unknown Source)
	at java.desktop/java.awt.EventDispatchThread.pumpEventsForFilter(Unknown Source)
	at java.desktop/java.awt.EventDispatchThread.pumpEventsForFilter(Unknown Source)
	at java.desktop/java.awt.WaitDispatchSupport$2.run(Unknown Source)
	at java.desktop/java.awt.WaitDispatchSupport$4.run(Unknown Source)
	at java.desktop/java.awt.WaitDispatchSupport$4.run(Unknown Source)
	at java.base/java.security.AccessController.doPrivileged(Unknown Source)
	at java.desktop/java.awt.WaitDispatchSupport.enter(Unknown Source)
	at java.desktop/java.awt.Dialog.show(Unknown Source)
	at java.desktop/java.awt.Component.show(Unknown Source)
	at java.desktop/java.awt.Component.setVisible(Unknown Source)
	at java.desktop/java.awt.Window.setVisible(Unknown Source)
	at java.desktop/java.awt.Dialog.setVisible(Unknown Source)
	at components.dialogs.ImapLoginDialog.showDialog(ImapLoginDialog.java:187)
	at components.panels.dashboard.Inbox.showLoginDialog(Inbox.java:136)
	at java.desktop/java.awt.event.InvocationEvent.dispatch(Unknown Source)
	at java.desktop/java.awt.EventQueue.dispatchEventImpl(Unknown Source)
	at java.desktop/java.awt.EventQueue$4.run(Unknown Source)
	at java.desktop/java.awt.EventQueue$4.run(Unknown Source)
	at java.base/java.security.AccessController.doPrivileged(Unknown Source)
	at java.base/java.security.ProtectionDomain$JavaSecurityAccessImpl.doIntersectionPrivilege(Unknown Source)
	at java.desktop/java.awt.EventQueue.dispatchEvent(Unknown Source)
	at java.desktop/java.awt.EventDispatchThread.pumpOneEventForFilters(Unknown Source)
	at java.desktop/java.awt.EventDispatchThread.pumpEventsForFilter(Unknown Source)
	at java.desktop/java.awt.EventDispatchThread.pumpEventsForHierarchy(Unknown Source)
	at java.desktop/java.awt.EventDispatchThread.pumpEvents(Unknown Source)
	at java.desktop/java.awt.EventDispatchThread.pumpEvents(Unknown Source)
	at java.desktop/java.awt.EventDispatchThread.run(Unknown Source)
Caused by: java.lang.StringIndexOutOfBoundsException: Range [5745, 6145) out of bounds for length 6011
	at java.base/jdk.internal.util.Preconditions$1.apply(Unknown Source)
	at java.base/jdk.internal.util.Preconditions$1.apply(Unknown Source)
	at java.base/jdk.internal.util.Preconditions$4.apply(Unknown Source)
	at java.base/jdk.internal.util.Preconditions$4.apply(Unknown Source)
	at java.base/jdk.internal.util.Preconditions.outOfBounds(Unknown Source)
	at java.base/jdk.internal.util.Preconditions.outOfBoundsCheckFromToIndex(Unknown Source)
	at java.base/jdk.internal.util.Preconditions.checkFromToIndex(Unknown Source)
	at java.base/java.lang.String.checkBoundsBeginEnd(Unknown Source)
	at java.base/java.lang.String.substring(Unknown Source)
	at protocols.imap.ImapParser.detectEncodingForPart(ImapParser.java:366)
	at protocols.imap.ImapParser.parseEmailBody(ImapParser.java:240)
	at protocols.imap.ImapClient.parseFetchResponse(ImapClient.java:289)
	at protocols.imap.ImapClient.fetchEmails(ImapClient.java:134)
	at services.ImapService.fetchRecentEmails(ImapService.java:93)
	at controllers.ImapController.connectSync(ImapController.java:34)
	at components.dialogs.ImapLoginDialog$1.doInBackground(ImapLoginDialog.java:148)
	at components.dialogs.ImapLoginDialog$1.doInBackground(ImapLoginDialog.java:145)
	at java.desktop/javax.swing.SwingWorker$1.call(Unknown Source)
	at java.base/java.util.concurrent.FutureTask.run(Unknown Source)
	at java.desktop/javax.swing.SwingWorker.run(Unknown Source)
	at java.base/java.util.concurrent.ThreadPoolExecutor.runWorker(Unknown Source)
	at java.base/java.util.concurrent.ThreadPoolExecutor$Worker.run(Unknown Source)
	at java.base/java.lang.Thread.run(Unknown Source)
2025-10-05 22:21:22.921 [AWT-EventQueue-0] ERROR components.dialogs.ImapLoginDialog - java.lang.StringIndexOutOfBoundsException: Range [5745, 6145) out of bounds for length 6011
java.util.concurrent.ExecutionException: java.lang.StringIndexOutOfBoundsException: Range [5745, 6145) out of bounds for length 6011
	at java.base/java.util.concurrent.FutureTask.report(Unknown Source)
	at java.base/java.util.concurrent.FutureTask.get(Unknown Source)
	at java.desktop/javax.swing.SwingWorker.get(Unknown Source)
	at components.dialogs.ImapLoginDialog$1.done(ImapLoginDialog.java:160)
	at java.desktop/javax.swing.SwingWorker$4.run(Unknown Source)
	at java.desktop/javax.swing.SwingWorker$DoSubmitAccumulativeRunnable.run(Unknown Source)
	at java.desktop/sun.swing.AccumulativeRunnable.run(Unknown Source)
	at java.desktop/javax.swing.SwingWorker$DoSubmitAccumulativeRunnable.actionPerformed(Unknown Source)
	at java.desktop/javax.swing.Timer.fireActionPerformed(Unknown Source)
	at java.desktop/javax.swing.Timer$DoPostEvent.run(Unknown Source)
	at java.desktop/java.awt.event.InvocationEvent.dispatch(Unknown Source)
	at java.desktop/java.awt.EventQueue.dispatchEventImpl(Unknown Source)
	at java.desktop/java.awt.EventQueue$4.run(Unknown Source)
	at java.desktop/java.awt.EventQueue$4.run(Unknown Source)
	at java.base/java.security.AccessController.doPrivileged(Unknown Source)
	at java.base/java.security.ProtectionDomain$JavaSecurityAccessImpl.doIntersectionPrivilege(Unknown Source)
	at java.desktop/java.awt.EventQueue.dispatchEvent(Unknown Source)
	at java.desktop/java.awt.EventDispatchThread.pumpOneEventForFilters(Unknown Source)
	at java.desktop/java.awt.EventDispatchThread.pumpEventsForFilter(Unknown Source)
	at java.desktop/java.awt.EventDispatchThread.pumpEventsForFilter(Unknown Source)
	at java.desktop/java.awt.WaitDispatchSupport$2.run(Unknown Source)
	at java.desktop/java.awt.WaitDispatchSupport$4.run(Unknown Source)
	at java.desktop/java.awt.WaitDispatchSupport$4.run(Unknown Source)
	at java.base/java.security.AccessController.doPrivileged(Unknown Source)
	at java.desktop/java.awt.WaitDispatchSupport.enter(Unknown Source)
	at java.desktop/java.awt.Dialog.show(Unknown Source)
	at java.desktop/java.awt.Component.show(Unknown Source)
	at java.desktop/java.awt.Component.setVisible(Unknown Source)
	at java.desktop/java.awt.Window.setVisible(Unknown Source)
	at java.desktop/java.awt.Dialog.setVisible(Unknown Source)
	at components.dialogs.ImapLoginDialog.showDialog(ImapLoginDialog.java:187)
	at components.panels.dashboard.Inbox.showLoginDialog(Inbox.java:136)
	at java.desktop/java.awt.event.InvocationEvent.dispatch(Unknown Source)
	at java.desktop/java.awt.EventQueue.dispatchEventImpl(Unknown Source)
	at java.desktop/java.awt.EventQueue$4.run(Unknown Source)
	at java.desktop/java.awt.EventQueue$4.run(Unknown Source)
	at java.base/java.security.AccessController.doPrivileged(Unknown Source)
	at java.base/java.security.ProtectionDomain$JavaSecurityAccessImpl.doIntersectionPrivilege(Unknown Source)
	at java.desktop/java.awt.EventQueue.dispatchEvent(Unknown Source)
	at java.desktop/java.awt.EventDispatchThread.pumpOneEventForFilters(Unknown Source)
	at java.desktop/java.awt.EventDispatchThread.pumpEventsForFilter(Unknown Source)
	at java.desktop/java.awt.EventDispatchThread.pumpEventsForHierarchy(Unknown Source)
	at java.desktop/java.awt.EventDispatchThread.pumpEvents(Unknown Source)
	at java.desktop/java.awt.EventDispatchThread.pumpEvents(Unknown Source)
	at java.desktop/java.awt.EventDispatchThread.run(Unknown Source)
Caused by: java.lang.StringIndexOutOfBoundsException: Range [5745, 6145) out of bounds for length 6011
	at java.base/jdk.internal.util.Preconditions$1.apply(Unknown Source)
	at java.base/jdk.internal.util.Preconditions$1.apply(Unknown Source)
	at java.base/jdk.internal.util.Preconditions$4.apply(Unknown Source)
	at java.base/jdk.internal.util.Preconditions$4.apply(Unknown Source)
	at java.base/jdk.internal.util.Preconditions.outOfBounds(Unknown Source)
	at java.base/jdk.internal.util.Preconditions.outOfBoundsCheckFromToIndex(Unknown Source)
	at java.base/jdk.internal.util.Preconditions.checkFromToIndex(Unknown Source)
	at java.base/java.lang.String.checkBoundsBeginEnd(Unknown Source)
	at java.base/java.lang.String.substring(Unknown Source)
	at protocols.imap.ImapParser.detectEncodingForPart(ImapParser.java:366)
	at protocols.imap.ImapParser.parseEmailBody(ImapParser.java:240)
	at protocols.imap.ImapClient.parseFetchResponse(ImapClient.java:289)
	at protocols.imap.ImapClient.fetchEmails(ImapClient.java:134)
	at services.ImapService.fetchRecentEmails(ImapService.java:93)
	at controllers.ImapController.connectSync(ImapController.java:34)
	at components.dialogs.ImapLoginDialog$1.doInBackground(ImapLoginDialog.java:148)
	at components.dialogs.ImapLoginDialog$1.doInBackground(ImapLoginDialog.java:145)
	at java.desktop/javax.swing.SwingWorker$1.call(Unknown Source)
	at java.base/java.util.concurrent.FutureTask.run(Unknown Source)
	at java.desktop/javax.swing.SwingWorker.run(Unknown Source)
	at java.base/java.util.concurrent.ThreadPoolExecutor.runWorker(Unknown Source)
	at java.base/java.util.concurrent.ThreadPoolExecutor$Worker.run(Unknown Source)
	at java.base/java.lang.Thread.run(Unknown Source)
